Flow report for multi_func_legacy
Mon Aug 19 20:59:44 2019
Quartus II 64-Bit Version 13.0.1 Build 232 06/12/2013 Service Pack 1 SJ Web Edition


---------------------
; Table of Contents ;
---------------------
  1. Legal Notice
  2. Flow Summary
  3. Flow Settings
  4. Flow Non-Default Global Settings
  5. Flow Elapsed Time
  6. Flow OS Summary
  7. Flow Log
  8. Flow Messages
  9. Flow Suppressed Messages



----------------
; Legal Notice ;
----------------
Copyright (C) 1991-2013 Altera Corporation
Your use of Altera Corporation's design tools, logic functions 
and other software and tools, and its AMPP partner logic 
functions, and any output files from any of the foregoing 
(including device programming or simulation files), and any 
associated documentation or information are expressly subject 
to the terms and conditions of the Altera Program License 
Subscription Agreement, Altera MegaCore Function License 
Agreement, or other applicable license agreement, including, 
without limitation, that your use is for the sole purpose of 
programming logic devices manufactured by Altera and sold by 
Altera or its authorized distributors.  Please refer to the 
applicable agreement for further details.



+-----------------------------------------------------------------------------+
; Flow Summary                                                                ;
+---------------------------+-------------------------------------------------+
; Flow Status               ; Successful - Mon Aug 19 20:59:42 2019           ;
; Quartus II 64-Bit Version ; 13.0.1 Build 232 06/12/2013 SP 1 SJ Web Edition ;
; Revision Name             ; multi_func_legacy                               ;
; Top-level Entity Name     ; snes_mult_func                                  ;
; Family                    ; MAX7000AE                                       ;
; Device                    ; EPM7032AETC44-10                                ;
; Timing Models             ; Final                                           ;
; Total macrocells          ; 31 / 32 ( 97 % )                                ;
; Total pins                ; 28 / 36 ( 78 % )                                ;
+---------------------------+-------------------------------------------------+


+-----------------------------------------+
; Flow Settings                           ;
+-------------------+---------------------+
; Option            ; Setting             ;
+-------------------+---------------------+
; Start date & time ; 08/19/2019 20:59:39 ;
; Main task         ; Compilation         ;
; Revision Name     ; multi_func_legacy   ;
+-------------------+---------------------+


+---------------------------------------------------------------------------------------------------------------+
; Flow Non-Default Global Settings                                                                              ;
+-------------------------------+--------------------------------+-------------------+-------------+------------+
; Assignment Name               ; Value                          ; Default Value     ; Entity Name ; Section Id ;
+-------------------------------+--------------------------------+-------------------+-------------+------------+
; COMPILER_SIGNATURE_ID         ; 49467851863206.156624117910080 ; --                ; --          ; --         ;
; OPTIMIZE_HOLD_TIMING          ; Off                            ; --                ; --          ; --         ;
; PROJECT_OUTPUT_DIRECTORY      ; output_files/multi_func_legacy ; --                ; --          ; --         ;
; SYNTH_TIMING_DRIVEN_SYNTHESIS ; Off                            ; --                ; --          ; --         ;
; TOP_LEVEL_ENTITY              ; snes_mult_func                 ; multi_func_legacy ; --          ; --         ;
+-------------------------------+--------------------------------+-------------------+-------------+------------+


+-------------------------------------------------------------------------------------------------------------------------------+
; Flow Elapsed Time                                                                                                             ;
+---------------------------+--------------+-------------------------+---------------------+------------------------------------+
; Module Name               ; Elapsed Time ; Average Processors Used ; Peak Virtual Memory ; Total CPU Time (on all processors) ;
+---------------------------+--------------+-------------------------+---------------------+------------------------------------+
; Analysis & Synthesis      ; 00:00:01     ; 1.0                     ; 4573 MB             ; 00:00:01                           ;
; Fitter                    ; 00:00:01     ; 1.0                     ; 4684 MB             ; 00:00:01                           ;
; Assembler                 ; 00:00:00     ; 1.0                     ; 4519 MB             ; 00:00:00                           ;
; TimeQuest Timing Analyzer ; 00:00:01     ; 1.0                     ; 4523 MB             ; 00:00:00                           ;
; Total                     ; 00:00:03     ; --                      ; --                  ; 00:00:02                           ;
+---------------------------+--------------+-------------------------+---------------------+------------------------------------+


+----------------------------------------------------------------------------------------+
; Flow OS Summary                                                                        ;
+---------------------------+------------------+-----------+------------+----------------+
; Module Name               ; Machine Hostname ; OS Name   ; OS Version ; Processor type ;
+---------------------------+------------------+-----------+------------+----------------+
; Analysis & Synthesis      ; BortisPC         ; Windows 7 ; 6.2        ; x86_64         ;
; Fitter                    ; BortisPC         ; Windows 7 ; 6.2        ; x86_64         ;
; Assembler                 ; BortisPC         ; Windows 7 ; 6.2        ; x86_64         ;
; TimeQuest Timing Analyzer ; BortisPC         ; Windows 7 ; 6.2        ; x86_64         ;
+---------------------------+------------------+-----------+------------+----------------+


------------
; Flow Log ;
------------
quartus_map --read_settings_files=on --write_settings_files=off snes_dejitter -c multi_func_legacy
quartus_fit --read_settings_files=off --write_settings_files=off snes_dejitter -c multi_func_legacy
quartus_asm --read_settings_files=off --write_settings_files=off snes_dejitter -c multi_func_legacy
quartus_sta snes_dejitter -c multi_func_legacy



